2025-05-15 03:47:13,061 - asyncio - DEBUG - Using proactor: IocpProactor
2025-05-15 03:47:13,106 - telethon.network.mtprotosender - INFO - Connecting to 91.108.56.123:443/TcpFull...
2025-05-15 03:47:13,107 - telethon.network.mtprotosender - DEBUG - Connection attempt 1...
2025-05-15 03:47:13,125 - telethon.network.mtprotosender - DEBUG - Connection success!
2025-05-15 03:47:13,126 - telethon.network.mtprotosender - DEBUG - Starting send loop
2025-05-15 03:47:13,126 - telethon.network.mtprotosender - DEBUG - Starting receive loop
2025-05-15 03:47:13,127 - telethon.network.mtprotosender - INFO - Connection to 91.108.56.123:443/TcpFull complete!
2025-05-15 03:47:13,132 - telethon.network.mtprotosender - DEBUG - Waiting for messages to send...
2025-05-15 03:47:13,132 - telethon.extensions.messagepacker - DEBUG - Assigned msg_id = 7504405802016652212 to InvokeWithLayerRequest (1d507085160)
2025-05-15 03:47:13,132 - telethon.network.mtprotosender - DEBUG - Encrypting 1 message(s) in 76 bytes for sending
2025-05-15 03:47:13,134 - telethon.network.mtprotosender - DEBUG - Encrypted messages put in a queue to be sent
2025-05-15 03:47:13,135 - telethon.network.mtprotosender - DEBUG - Waiting for messages to send...
2025-05-15 03:47:13,135 - telethon.network.mtprotosender - DEBUG - Receiving items from the network...
2025-05-15 03:47:13,154 - telethon.network.mtprotostate - DEBUG - Updated time offset (old offset 0, bad 7504405802103040800, good 7504405800989227009, new -1)
2025-05-15 03:47:13,154 - telethon.network.mtprotosender - DEBUG - Handling bad salt for message 7504405802016652212
2025-05-15 03:47:13,155 - telethon.network.mtprotosender - DEBUG - 1 message(s) will be resent
2025-05-15 03:47:13,155 - telethon.network.mtprotosender - DEBUG - Receiving items from the network...
2025-05-15 03:47:13,155 - telethon.extensions.messagepacker - DEBUG - Assigned msg_id = 7504405797814766392 to InvokeWithLayerRequest (1d507085160)
2025-05-15 03:47:13,156 - telethon.network.mtprotosender - DEBUG - Encrypting 1 message(s) in 76 bytes for sending
2025-05-15 03:47:13,156 - telethon.network.mtprotosender - DEBUG - Encrypted messages put in a queue to be sent
2025-05-15 03:47:13,156 - telethon.network.mtprotosender - DEBUG - Waiting for messages to send...
2025-05-15 03:47:13,157 - telethon.extensions.messagepacker - DEBUG - Assigned msg_id = 7504405797820256696 to MsgsAck (1d507085550)
2025-05-15 03:47:13,157 - telethon.network.mtprotosender - DEBUG - Encrypting 1 message(s) in 36 bytes for sending
2025-05-15 03:47:13,157 - telethon.network.mtprotosender - DEBUG - Encrypted messages put in a queue to be sent
2025-05-15 03:47:13,158 - telethon.network.mtprotosender - DEBUG - Waiting for messages to send...
2025-05-15 03:47:13,177 - telethon.network.mtprotosender - DEBUG - Handling container
2025-05-15 03:47:13,178 - telethon.network.mtprotosender - DEBUG - Handling new session created
2025-05-15 03:47:13,178 - telethon.network.mtprotosender - DEBUG - Handling acknowledge for [7504405797814766392]
2025-05-15 03:47:13,179 - telethon.network.mtprotosender - DEBUG - Receiving items from the network...
2025-05-15 03:47:13,186 - telethon.network.mtprotosender - DEBUG - Handling RPC result for message 7504405797814766392
2025-05-15 03:47:13,186 - telethon.network.mtprotosender - DEBUG - Receiving items from the network...
2025-05-15 03:47:13,187 - telethon.extensions.messagepacker - DEBUG - Assigned msg_id = 7504405797941949352 to GetUsersRequest (1d507085940)
2025-05-15 03:47:13,188 - telethon.network.mtprotosender - DEBUG - Encrypting 1 message(s) in 32 bytes for sending
2025-05-15 03:47:13,188 - telethon.network.mtprotosender - DEBUG - Encrypted messages put in a queue to be sent
2025-05-15 03:47:13,188 - telethon.network.mtprotosender - DEBUG - Waiting for messages to send...
2025-05-15 03:47:13,189 - telethon.extensions.messagepacker - DEBUG - Assigned msg_id = 7504405797948351368 to MsgsAck (1d5070751d0)
2025-05-15 03:47:13,189 - telethon.network.mtprotosender - DEBUG - Encrypting 1 message(s) in 60 bytes for sending
2025-05-15 03:47:13,190 - telethon.network.mtprotosender - DEBUG - Encrypted messages put in a queue to be sent
2025-05-15 03:47:13,190 - telethon.network.mtprotosender - DEBUG - Waiting for messages to send...
2025-05-15 03:47:13,220 - telethon.network.mtprotosender - DEBUG - Handling RPC result for message 7504405797941949352
2025-05-15 03:47:13,221 - telethon.network.mtprotosender - DEBUG - Receiving items from the network...
2025-05-15 03:47:13,223 - telethon.extensions.messagepacker - DEBUG - Assigned msg_id = 7504405798083786472 to GetStateRequest (1d507085940)
2025-05-15 03:47:13,223 - telethon.network.mtprotosender - DEBUG - Encrypting 1 message(s) in 20 bytes for sending
2025-05-15 03:47:13,224 - telethon.network.mtprotosender - DEBUG - Encrypted messages put in a queue to be sent
2025-05-15 03:47:13,224 - telethon.network.mtprotosender - DEBUG - Waiting for messages to send...
2025-05-15 03:47:13,224 - telethon.extensions.messagepacker - DEBUG - Assigned msg_id = 7504405798091028676 to MsgsAck (1d506fe7230)
2025-05-15 03:47:13,225 - telethon.network.mtprotosender - DEBUG - Encrypting 1 message(s) in 36 bytes for sending
2025-05-15 03:47:13,225 - telethon.network.mtprotosender - DEBUG - Encrypted messages put in a queue to be sent
2025-05-15 03:47:13,225 - telethon.network.mtprotosender - DEBUG - Waiting for messages to send...
2025-05-15 03:47:13,249 - telethon.network.mtprotosender - DEBUG - Handling RPC result for message 7504405798083786472
2025-05-15 03:47:13,250 - telethon.network.mtprotosender - DEBUG - Receiving items from the network...
2025-05-15 03:47:13,251 - telethon.extensions.messagepacker - DEBUG - Assigned msg_id = 7504405798198708044 to GetDifferenceRequest (1d507085940)
2025-05-15 03:47:13,252 - telethon.network.mtprotosender - DEBUG - Encrypting 1 message(s) in 36 bytes for sending
2025-05-15 03:47:13,253 - telethon.network.mtprotosender - DEBUG - Encrypted messages put in a queue to be sent
2025-05-15 03:47:13,253 - telethon.network.mtprotosender - DEBUG - Waiting for messages to send...
2025-05-15 03:47:13,254 - telethon.extensions.messagepacker - DEBUG - Assigned msg_id = 7504405798208268628 to MsgsAck (1d506fe7490)
2025-05-15 03:47:13,254 - telethon.network.mtprotosender - DEBUG - Encrypting 1 message(s) in 36 bytes for sending
2025-05-15 03:47:13,255 - telethon.network.mtprotosender - DEBUG - Encrypted messages put in a queue to be sent
2025-05-15 03:47:13,255 - telethon.network.mtprotosender - DEBUG - Waiting for messages to send...
2025-05-15 03:47:13,283 - telethon.network.mtprotosender - DEBUG - Handling RPC result for message 7504405798198708044
2025-05-15 03:47:13,284 - telethon.network.mtprotosender - DEBUG - Receiving items from the network...
2025-05-15 03:47:13,285 - telethon.extensions.messagepacker - DEBUG - Assigned msg_id = 7504405798333738788 to GetUsersRequest (1d507075310)
2025-05-15 03:47:13,286 - telethon.network.mtprotosender - DEBUG - Encrypting 1 message(s) in 32 bytes for sending
2025-05-15 03:47:13,286 - telethon.network.mtprotosender - DEBUG - Encrypted messages put in a queue to be sent
2025-05-15 03:47:13,287 - telethon.network.mtprotosender - DEBUG - Waiting for messages to send...
2025-05-15 03:47:13,287 - telethon.extensions.messagepacker - DEBUG - Assigned msg_id = 7504405798343029484 to MsgsAck (1d506adfe30)
2025-05-15 03:47:13,288 - telethon.network.mtprotosender - DEBUG - Encrypting 1 message(s) in 36 bytes for sending
2025-05-15 03:47:13,288 - telethon.network.mtprotosender - DEBUG - Encrypted messages put in a queue to be sent
2025-05-15 03:47:13,288 - telethon.network.mtprotosender - DEBUG - Waiting for messages to send...
2025-05-15 03:47:13,311 - telethon.network.mtprotosender - DEBUG - Handling RPC result for message 7504405798333738788
2025-05-15 03:47:13,312 - telethon.network.mtprotosender - DEBUG - Receiving items from the network...
2025-05-15 03:47:13,313 - __main__ - INFO - Bot telah dimulai!
2025-05-15 03:47:13,315 - telethon.extensions.messagepacker - DEBUG - Assigned msg_id = 7504405798452682956 to GetStateRequest (1d507075310)
2025-05-15 03:47:13,316 - telethon.network.mtprotosender - DEBUG - Encrypting 1 message(s) in 20 bytes for sending
2025-05-15 03:47:13,318 - telethon.network.mtprotosender - DEBUG - Encrypted messages put in a queue to be sent
2025-05-15 03:47:13,319 - telethon.network.mtprotosender - DEBUG - Waiting for messages to send...
2025-05-15 03:47:13,320 - telethon.extensions.messagepacker - DEBUG - Assigned msg_id = 7504405798472584232 to MsgsAck (1d50677f240)
2025-05-15 03:47:13,320 - telethon.network.mtprotosender - DEBUG - Encrypting 1 message(s) in 36 bytes for sending
2025-05-15 03:47:13,321 - telethon.network.mtprotosender - DEBUG - Encrypted messages put in a queue to be sent
2025-05-15 03:47:13,321 - telethon.network.mtprotosender - DEBUG - Waiting for messages to send...
2025-05-15 03:47:13,343 - telethon.network.mtprotosender - DEBUG - Handling RPC result for message 7504405798452682956
2025-05-15 03:47:13,344 - telethon.network.mtprotosender - DEBUG - Receiving items from the network...
2025-05-15 03:47:25,670 - telethon.network.mtprotosender - DEBUG - Handling update UpdateShort
2025-05-15 03:47:25,671 - telethon.network.mtprotosender - DEBUG - Receiving items from the network...
2025-05-15 03:47:29,076 - telethon.network.mtprotosender - DEBUG - Handling update UpdateShort
2025-05-15 03:47:29,076 - telethon.network.mtprotosender - DEBUG - Receiving items from the network...
2025-05-15 03:47:29,958 - telethon.network.mtprotosender - DEBUG - Handling update UpdateShort
2025-05-15 03:47:29,959 - telethon.network.mtprotosender - DEBUG - Receiving items from the network...
2025-05-15 03:47:32,836 - telethon.network.mtprotosender - DEBUG - Handling update UpdateShort
2025-05-15 03:47:32,837 - telethon.network.mtprotosender - DEBUG - Receiving items from the network...
2025-05-15 03:47:33,486 - telethon.network.mtprotosender - DEBUG - Handling update UpdateShortMessage
2025-05-15 03:47:33,487 - telethon.network.mtprotosender - DEBUG - Receiving items from the network...
2025-05-15 03:47:33,489 - telethon.extensions.messagepacker - DEBUG - Assigned msg_id = 7504405885050464660 to GetDialogsRequest (1d507085940)
2025-05-15 03:47:33,491 - telethon.network.mtprotosender - DEBUG - Encrypting 1 message(s) in 48 bytes for sending
2025-05-15 03:47:33,492 - telethon.network.mtprotosender - DEBUG - Encrypted messages put in a queue to be sent
2025-05-15 03:47:33,493 - telethon.network.mtprotosender - DEBUG - Waiting for messages to send...
2025-05-15 03:47:33,494 - telethon.extensions.messagepacker - DEBUG - Assigned msg_id = 7504405885069561036 to MsgsAck (1d50677f460)
2025-05-15 03:47:33,495 - telethon.network.mtprotosender - DEBUG - Encrypting 1 message(s) in 76 bytes for sending
2025-05-15 03:47:33,497 - telethon.network.mtprotosender - DEBUG - Encrypted messages put in a queue to be sent
2025-05-15 03:47:33,498 - telethon.network.mtprotosender - DEBUG - Waiting for messages to send...
2025-05-15 03:47:33,807 - telethon.network.mtprotosender - DEBUG - Handling RPC result for message 7504405885050464660
2025-05-15 03:47:33,813 - telethon.network.mtprotosender - DEBUG - Receiving items from the network...
2025-05-15 03:47:33,816 - telethon.extensions.messagepacker - DEBUG - Assigned msg_id = 7504405886358428984 to SendMessageRequest (1d5070bbcb0)
2025-05-15 03:47:33,817 - telethon.network.mtprotosender - DEBUG - Encrypting 1 message(s) in 96 bytes for sending
2025-05-15 03:47:33,818 - telethon.network.mtprotosender - DEBUG - Encrypted messages put in a queue to be sent
2025-05-15 03:47:33,818 - telethon.network.mtprotosender - DEBUG - Waiting for messages to send...
2025-05-15 03:47:33,818 - telethon.extensions.messagepacker - DEBUG - Assigned msg_id = 7504405886366137536 to MsgsAck (1d50707ee50)
2025-05-15 03:47:33,818 - telethon.network.mtprotosender - DEBUG - Encrypting 1 message(s) in 36 bytes for sending
2025-05-15 03:47:33,819 - telethon.network.mtprotosender - DEBUG - Encrypted messages put in a queue to be sent
2025-05-15 03:47:33,819 - telethon.network.mtprotosender - DEBUG - Waiting for messages to send...
2025-05-15 03:47:33,858 - telethon.network.mtprotosender - DEBUG - Handling RPC result for message 7504405886358428984
2025-05-15 03:47:33,859 - telethon.network.mtprotosender - DEBUG - Receiving items from the network...
2025-05-15 03:47:33,859 - telethon.extensions.messagepacker - DEBUG - Assigned msg_id = 7504405886530196220 to SendMessageRequest (1d5070e9590)
2025-05-15 03:47:33,860 - telethon.network.mtprotosender - DEBUG - Encrypting 1 message(s) in 116 bytes for sending
2025-05-15 03:47:33,860 - telethon.network.mtprotosender - DEBUG - Encrypted messages put in a queue to be sent
2025-05-15 03:47:33,860 - telethon.network.mtprotosender - DEBUG - Waiting for messages to send...
2025-05-15 03:47:33,860 - telethon.extensions.messagepacker - DEBUG - Assigned msg_id = 7504405886535037072 to MsgsAck (1d50707ef50)
2025-05-15 03:47:33,861 - telethon.network.mtprotosender - DEBUG - Encrypting 1 message(s) in 36 bytes for sending
2025-05-15 03:47:33,863 - telethon.network.mtprotosender - DEBUG - Encrypted messages put in a queue to be sent
2025-05-15 03:47:33,864 - telethon.network.mtprotosender - DEBUG - Waiting for messages to send...
2025-05-15 03:47:33,904 - telethon.network.mtprotosender - DEBUG - Handling RPC result for message 7504405886530196220
2025-05-15 03:47:33,905 - telethon.network.mtprotosender - DEBUG - Receiving items from the network...
2025-05-15 03:47:33,921 - telethon.network.mtprotosender - DEBUG - Handling update Updates
2025-05-15 03:47:33,922 - telethon.network.mtprotosender - DEBUG - Receiving items from the network...
2025-05-15 03:47:33,985 - telethon.network.mtprotosender - DEBUG - Handling update Updates
2025-05-15 03:47:33,985 - telethon.network.mtprotosender - DEBUG - Receiving items from the network...
2025-05-15 03:47:34,778 - telethon.network.mtprotosender - DEBUG - Handling update UpdateShort
2025-05-15 03:47:34,779 - telethon.network.mtprotosender - DEBUG - Receiving items from the network...
2025-05-15 03:47:37,312 - telethon.network.mtprotosender - DEBUG - Handling update UpdateShort
2025-05-15 03:47:37,312 - telethon.network.mtprotosender - DEBUG - Receiving items from the network...
2025-05-15 03:47:39,902 - telethon.network.mtprotosender - DEBUG - Handling update UpdateShort
2025-05-15 03:47:39,903 - telethon.network.mtprotosender - DEBUG - Receiving items from the network...
2025-05-15 03:47:40,915 - telethon.network.mtprotosender - DEBUG - Handling update Updates
2025-05-15 03:47:40,916 - telethon.network.mtprotosender - DEBUG - Receiving items from the network...
2025-05-15 03:47:40,933 - telethon.network.mtprotosender - DEBUG - Handling update Updates
2025-05-15 03:47:40,933 - telethon.network.mtprotosender - DEBUG - Receiving items from the network...
2025-05-15 03:47:47,870 - telethon.network.mtprotosender - DEBUG - Handling update UpdateShort
2025-05-15 03:47:47,870 - telethon.network.mtprotosender - DEBUG - Receiving items from the network...
2025-05-15 03:47:47,997 - telethon.network.mtprotosender - DEBUG - Handling update UpdateShort
2025-05-15 03:47:47,998 - telethon.network.mtprotosender - DEBUG - Receiving items from the network...
2025-05-15 03:47:48,451 - telethon.network.mtprotosender - DEBUG - Handling update UpdateShort
2025-05-15 03:47:48,451 - telethon.network.mtprotosender - DEBUG - Receiving items from the network...
2025-05-15 03:48:12,561 - telethon.network.mtprotosender - DEBUG - Handling update UpdateShort
2025-05-15 03:48:12,561 - telethon.network.mtprotosender - DEBUG - Receiving items from the network...
2025-05-15 03:48:13,295 - telethon.extensions.messagepacker - DEBUG - Assigned msg_id = 7504406056072455528 to PingRequest (1d507086660)
2025-05-15 03:48:13,295 - telethon.network.mtprotosender - DEBUG - Encrypting 1 message(s) in 28 bytes for sending
2025-05-15 03:48:13,296 - telethon.network.mtprotosender - DEBUG - Encrypted messages put in a queue to be sent
2025-05-15 03:48:13,297 - telethon.network.mtprotosender - DEBUG - Waiting for messages to send...
2025-05-15 03:48:13,297 - telethon.extensions.messagepacker - DEBUG - Assigned msg_id = 7504406056079737784 to MsgsAck (1d50705ee40)
2025-05-15 03:48:13,297 - telethon.network.mtprotosender - DEBUG - Encrypting 1 message(s) in 124 bytes for sending
2025-05-15 03:48:13,298 - telethon.network.mtprotosender - DEBUG - Encrypted messages put in a queue to be sent
2025-05-15 03:48:13,298 - telethon.network.mtprotosender - DEBUG - Waiting for messages to send...
2025-05-15 03:48:13,316 - telethon.network.mtprotosender - DEBUG - Handling pong for message 7504406056072455528
2025-05-15 03:48:13,316 - telethon.network.mtprotosender - DEBUG - Receiving items from the network...
2025-05-15 03:48:13,681 - telethon.network.mtprotosender - DEBUG - Handling update UpdateShort
2025-05-15 03:48:13,681 - telethon.network.mtprotosender - DEBUG - Receiving items from the network...
2025-05-15 03:48:13,984 - telethon.network.mtprotosender - DEBUG - Handling update UpdateShort
2025-05-15 03:48:13,984 - telethon.network.mtprotosender - DEBUG - Receiving items from the network...
2025-05-15 03:48:15,422 - telethon.network.mtprotosender - DEBUG - Handling update UpdateShort
2025-05-15 03:48:15,424 - telethon.network.mtprotosender - DEBUG - Receiving items from the network...
2025-05-15 03:48:15,509 - telethon.network.mtprotosender - DEBUG - Handling update UpdateShort
2025-05-15 03:48:15,510 - telethon.network.mtprotosender - DEBUG - Receiving items from the network...
2025-05-15 03:48:16,057 - telethon.network.mtprotosender - DEBUG - Handling update UpdateShort
2025-05-15 03:48:16,058 - telethon.network.mtprotosender - DEBUG - Receiving items from the network...
2025-05-15 03:48:18,622 - telethon.network.mtprotosender - DEBUG - Handling update UpdateShort
2025-05-15 03:48:18,623 - telethon.network.mtprotosender - DEBUG - Receiving items from the network...
2025-05-15 03:48:34,507 - telethon.network.mtprotosender - DEBUG - Handling update UpdateShort
2025-05-15 03:48:34,508 - telethon.network.mtprotosender - DEBUG - Receiving items from the network...
2025-05-15 03:48:34,542 - telethon.network.mtprotosender - DEBUG - Handling update UpdateShort
2025-05-15 03:48:34,543 - telethon.network.mtprotosender - DEBUG - Receiving items from the network...
2025-05-15 03:48:35,174 - telethon.network.mtprotosender - DEBUG - Handling update UpdateShort
2025-05-15 03:48:35,174 - telethon.network.mtprotosender - DEBUG - Receiving items from the network...
2025-05-15 03:48:35,330 - telethon.network.mtprotosender - DEBUG - Handling update UpdateShort
2025-05-15 03:48:35,331 - telethon.network.mtprotosender - DEBUG - Receiving items from the network...
2025-05-15 03:48:35,693 - telethon.network.mtprotosender - DEBUG - Handling update UpdateShort
2025-05-15 03:48:35,694 - telethon.network.mtprotosender - DEBUG - Receiving items from the network...
2025-05-15 03:48:36,062 - telethon.network.mtprotosender - DEBUG - Handling update UpdateShort
2025-05-15 03:48:36,063 - telethon.network.mtprotosender - DEBUG - Receiving items from the network...
2025-05-15 03:48:36,731 - telethon.network.mtprotosender - DEBUG - Handling update UpdateShort
2025-05-15 03:48:36,732 - telethon.network.mtprotosender - DEBUG - Receiving items from the network...
2025-05-15 03:48:39,362 - telethon.network.mtprotosender - DEBUG - Handling update UpdateShort
2025-05-15 03:48:39,363 - telethon.network.mtprotosender - DEBUG - Receiving items from the network...
2025-05-15 03:48:39,972 - telethon.network.mtprotosender - DEBUG - Handling update UpdateShort
2025-05-15 03:48:39,973 - telethon.network.mtprotosender - DEBUG - Receiving items from the network...
2025-05-15 03:48:40,442 - telethon.network.mtprotosender - DEBUG - Handling update UpdateShort
2025-05-15 03:48:40,443 - telethon.network.mtprotosender - DEBUG - Receiving items from the network...
2025-05-15 03:48:41,057 - telethon.network.mtprotosender - DEBUG - Handling update UpdateShort
2025-05-15 03:48:41,058 - telethon.network.mtprotosender - DEBUG - Receiving items from the network...
2025-05-15 03:49:13,326 - telethon.extensions.messagepacker - DEBUG - Assigned msg_id = 7504406313892811556 to PingRequest (1d5070e9810)
2025-05-15 03:49:13,327 - telethon.network.mtprotosender - DEBUG - Encrypting 1 message(s) in 28 bytes for sending
2025-05-15 03:49:13,328 - telethon.network.mtprotosender - DEBUG - Encrypted messages put in a queue to be sent
2025-05-15 03:49:13,329 - telethon.network.mtprotosender - DEBUG - Waiting for messages to send...
2025-05-15 03:49:13,330 - telethon.extensions.messagepacker - DEBUG - Assigned msg_id = 7504406313909050720 to MsgsAck (1d50705ef30)
2025-05-15 03:49:13,331 - telethon.network.mtprotosender - DEBUG - Encrypting 1 message(s) in 172 bytes for sending
2025-05-15 03:49:13,335 - telethon.network.mtprotosender - DEBUG - Encrypted messages put in a queue to be sent
2025-05-15 03:49:13,335 - telethon.network.mtprotosender - DEBUG - Waiting for messages to send...
2025-05-15 03:49:13,352 - telethon.network.mtprotosender - DEBUG - Handling pong for message 7504406313892811556
2025-05-15 03:49:13,353 - telethon.network.mtprotosender - DEBUG - Receiving items from the network...
2025-05-15 03:49:25,603 - telethon.network.mtprotosender - DEBUG - Handling gzipped data
2025-05-15 03:49:25,605 - telethon.network.mtprotosender - DEBUG - Handling update Updates
2025-05-15 03:49:25,605 - telethon.network.mtprotosender - DEBUG - Receiving items from the network...
2025-05-15 03:49:36,123 - telethon.network.mtprotosender - DEBUG - Handling gzipped data
2025-05-15 03:49:36,124 - telethon.network.mtprotosender - DEBUG - Handling update Updates
2025-05-15 03:49:36,125 - telethon.network.mtprotosender - DEBUG - Receiving items from the network...
2025-05-15 03:49:38,143 - telethon.network.mtprotosender - DEBUG - Handling update UpdateShort
2025-05-15 03:49:38,144 - telethon.network.mtprotosender - DEBUG - Receiving items from the network...
2025-05-15 03:49:44,744 - telethon.network.mtprotosender - DEBUG - Handling update UpdateShortMessage
2025-05-15 03:49:44,746 - telethon.network.mtprotosender - DEBUG - Receiving items from the network...
2025-05-15 03:49:44,747 - telethon.extensions.messagepacker - DEBUG - Assigned msg_id = 7504406448721821992 to SendMessageRequest (1d5070e9d10)
2025-05-15 03:49:44,748 - telethon.network.mtprotosender - DEBUG - Encrypting 1 message(s) in 116 bytes for sending
2025-05-15 03:49:44,749 - telethon.network.mtprotosender - DEBUG - Encrypted messages put in a queue to be sent
2025-05-15 03:49:44,750 - telethon.network.mtprotosender - DEBUG - Waiting for messages to send...
2025-05-15 03:49:44,750 - telethon.extensions.messagepacker - DEBUG - Assigned msg_id = 7504406448734460084 to MsgsAck (1d50706acf0)
2025-05-15 03:49:44,750 - telethon.network.mtprotosender - DEBUG - Encrypting 1 message(s) in 68 bytes for sending
2025-05-15 03:49:44,753 - telethon.network.mtprotosender - DEBUG - Encrypted messages put in a queue to be sent
2025-05-15 03:49:44,754 - telethon.network.mtprotosender - DEBUG - Waiting for messages to send...
2025-05-15 03:49:44,798 - telethon.network.mtprotosender - DEBUG - Handling RPC result for message 7504406448721821992
2025-05-15 03:49:44,799 - telethon.network.mtprotosender - DEBUG - Receiving items from the network...
2025-05-15 03:49:44,864 - telethon.network.mtprotosender - DEBUG - Handling update Updates
2025-05-15 03:49:44,865 - telethon.network.mtprotosender - DEBUG - Receiving items from the network...
2025-05-15 03:49:47,418 - telethon.network.mtprotosender - DEBUG - Handling update UpdateShort
2025-05-15 03:49:47,419 - telethon.network.mtprotosender - DEBUG - Receiving items from the network...
2025-05-15 03:49:48,089 - telethon.network.mtprotosender - DEBUG - Handling update UpdateShort
2025-05-15 03:49:48,089 - telethon.network.mtprotosender - DEBUG - Receiving items from the network...
2025-05-15 03:49:48,381 - telethon.network.mtprotosender - DEBUG - Handling update UpdateShort
2025-05-15 03:49:48,382 - telethon.network.mtprotosender - DEBUG - Receiving items from the network...
2025-05-15 03:49:50,408 - telethon.network.mtprotosender - DEBUG - Handling update UpdateShort
2025-05-15 03:49:50,410 - telethon.network.mtprotosender - DEBUG - Receiving items from the network...
2025-05-15 03:49:52,136 - telethon.network.mtprotosender - DEBUG - Handling update UpdateShort
2025-05-15 03:49:52,137 - telethon.network.mtprotosender - DEBUG - Receiving items from the network...
2025-05-15 03:49:52,825 - telethon.network.mtprotosender - DEBUG - Handling update UpdateShort
2025-05-15 03:49:52,825 - telethon.network.mtprotosender - DEBUG - Receiving items from the network...
2025-05-15 03:49:53,196 - telethon.network.mtprotosender - DEBUG - Handling update UpdateShort
2025-05-15 03:49:53,197 - telethon.network.mtprotosender - DEBUG - Receiving items from the network...
2025-05-15 03:49:53,611 - telethon.network.mtprotosender - DEBUG - Handling update UpdateShort
2025-05-15 03:49:53,611 - telethon.network.mtprotosender - DEBUG - Receiving items from the network...
2025-05-15 03:49:59,505 - telethon.network.mtprotosender - DEBUG - Handling update Updates
2025-05-15 03:49:59,505 - telethon.network.mtprotosender - DEBUG - Receiving items from the network...
2025-05-15 03:50:02,514 - telethon.network.mtprotosender - DEBUG - Handling update Updates
2025-05-15 03:50:02,515 - telethon.network.mtprotosender - DEBUG - Receiving items from the network...
2025-05-15 03:50:03,800 - telethon.network.mtprotosender - DEBUG - Handling update UpdateShort
2025-05-15 03:50:03,800 - telethon.network.mtprotosender - DEBUG - Receiving items from the network...
2025-05-15 03:50:05,320 - telethon.network.mtprotosender - DEBUG - Handling update UpdateShort
2025-05-15 03:50:05,320 - telethon.network.mtprotosender - DEBUG - Receiving items from the network...
2025-05-15 03:50:09,089 - telethon.network.mtprotosender - DEBUG - Handling update UpdateShort
2025-05-15 03:50:09,089 - telethon.network.mtprotosender - DEBUG - Receiving items from the network...
2025-05-15 03:50:13,720 - Connecting to 91.108.56.123:443/TcpFull...
2025-05-15 03:50:13,740 - Connection to 91.108.56.123:443/TcpFull complete!
2025-05-15 03:50:13,925 - Bot telah dimulai!
2025-05-15 03:51:28,920 - Connecting to 91.108.56.123:443/TcpFull...
2025-05-15 03:51:28,939 - Connection to 91.108.56.123:443/TcpFull complete!
2025-05-15 03:51:29,105 - Bot telah dimulai!
2025-05-15 03:52:29,109 - Connecting to 91.108.56.123:443/TcpFull...
2025-05-15 03:52:29,131 - Connection to 91.108.56.123:443/TcpFull complete!
2025-05-15 03:52:29,303 - Bot telah dimulai!
2025-05-15 03:52:32,775 - [AKTIF] Penjadwalan diaktifkan
2025-05-15 03:52:33,039 - [ANTRIAN] Pesan baru ditambahkan (1 pesan)
2025-05-15 03:53:45,550 - Connecting to 91.108.56.123:443/TcpFull...
2025-05-15 03:53:45,568 - Connection to 91.108.56.123:443/TcpFull complete!
2025-05-15 03:53:45,759 - Bot telah dimulai!
2025-05-15 03:53:54,042 - [AKTIF] Penjadwalan diaktifkan
2025-05-15 03:53:54,320 - [ANTRIAN] Pesan baru ditambahkan (1 pesan)
2025-05-15 03:54:36,897 - [AKTIF] Penjadwalan diaktifkan
2025-05-15 03:54:36,952 - [ANTRIAN] Pesan baru ditambahkan (2 pesan)
